[2024-06-19T05:17:59.789+0000] {local_task_job_runner.py:120} INFO - ::group::Pre task execution logs
[2024-06-19T05:17:59.820+0000] {taskinstance.py:2076} INFO - Dependencies all met for dep_context=non-requeueable deps ti=<TaskInstance: demo_dag_for_alerting_final.check_previous_run_status manual__2024-06-19T05:17:57.386265+00:00 [queued]>
[2024-06-19T05:17:59.832+0000] {taskinstance.py:2076} INFO - Dependencies all met for dep_context=requeueable deps ti=<TaskInstance: demo_dag_for_alerting_final.check_previous_run_status manual__2024-06-19T05:17:57.386265+00:00 [queued]>
[2024-06-19T05:17:59.833+0000] {taskinstance.py:2306} INFO - Starting attempt 1 of 6
[2024-06-19T05:17:59.853+0000] {taskinstance.py:2330} INFO - Executing <Task(BranchPythonOperator): check_previous_run_status> on 2024-06-19 05:17:57.386265+00:00
[2024-06-19T05:17:59.860+0000] {warnings.py:110} WARNING - /home/***/.local/lib/python3.12/site-packages/***/task/task_runner/standard_task_runner.py:61: DeprecationWarning: This process (pid=1130) is multi-threaded, use of fork() may lead to deadlocks in the child.
  pid = os.fork()

[2024-06-19T05:17:59.862+0000] {standard_task_runner.py:63} INFO - Started process 1131 to run task
[2024-06-19T05:17:59.863+0000] {standard_task_runner.py:90} INFO - Running: ['***', 'tasks', 'run', 'demo_dag_for_alerting_final', 'check_previous_run_status', 'manual__2024-06-19T05:17:57.386265+00:00', '--job-id', '1037', '--raw', '--subdir', 'DAGS_FOLDER/demo_dag_for_alerting.py', '--cfg-path', '/tmp/tmpumspxini']
[2024-06-19T05:17:59.865+0000] {standard_task_runner.py:91} INFO - Job 1037: Subtask check_previous_run_status
[2024-06-19T05:17:59.920+0000] {task_command.py:426} INFO - Running <TaskInstance: demo_dag_for_alerting_final.check_previous_run_status manual__2024-06-19T05:17:57.386265+00:00 [running]> on host 9e4d135130fa
[2024-06-19T05:18:00.060+0000] {taskinstance.py:2648} INFO - Exporting env vars: AIRFLOW_CTX_DAG_OWNER='***' AIRFLOW_CTX_DAG_ID='demo_dag_for_alerting_final' AIRFLOW_CTX_TASK_ID='check_previous_run_status' AIRFLOW_CTX_EXECUTION_DATE='2024-06-19T05:17:57.386265+00:00' AIRFLOW_CTX_TRY_NUMBER='1' AIRFLOW_CTX_DAG_RUN_ID='manual__2024-06-19T05:17:57.386265+00:00'
[2024-06-19T05:18:00.061+0000] {taskinstance.py:430} INFO - ::endgroup::
[2024-06-19T05:18:00.082+0000] {baseoperator.py:399} WARNING - BranchPythonOperator.execute cannot be called outside TaskInstance!
[2024-06-19T05:18:00.083+0000] {taskinstance.py:441} INFO - ::group::Post task execution logs
[2024-06-19T05:18:00.084+0000] {taskinstance.py:2905} ERROR - Task failed with exception
Traceback (most recent call last):
  File "/opt/airflow/dags/helper_functions.py", line 14, in alert_notif_failure
    print("Success condition is "+str(kwargs[success_condition])+"and type is",type(kwargs[success_condition]),", Skip condition is "+str(kwargs[skip_condition])+"and type is",type(kwargs[skip_condition]))
                                             ^^^^^^^^^^^^^^^^^
NameError: name 'success_condition' is not defined

During handling of the above exception, another exception occurred:

Traceback (most recent call last):
  File "/home/airflow/.local/lib/python3.12/site-packages/airflow/models/taskinstance.py", line 465, in _execute_task
    result = _execute_callable(context=context, **execute_callable_kwargs)
             ^^^^^^^^^^^^^^^^^^^^^^^^^^^^^^^^^^^^^^^^^^^^^^^^^^^^^^^^^^^^^
  File "/home/airflow/.local/lib/python3.12/site-packages/airflow/models/taskinstance.py", line 432, in _execute_callable
    return execute_callable(context=context, **execute_callable_kwargs)
           ^^^^^^^^^^^^^^^^^^^^^^^^^^^^^^^^^^^^^^^^^^^^^^^^^^^^^^^^^^^^
  File "/home/airflow/.local/lib/python3.12/site-packages/airflow/models/baseoperator.py", line 400, in wrapper
    return func(self, *args, **kwargs)
           ^^^^^^^^^^^^^^^^^^^^^^^^^^^
  File "/home/airflow/.local/lib/python3.12/site-packages/airflow/operators/python.py", line 269, in execute
    return self.do_branch(context, super().execute(context))
                                   ^^^^^^^^^^^^^^^^^^^^^^^^
  File "/home/airflow/.local/lib/python3.12/site-packages/airflow/models/baseoperator.py", line 400, in wrapper
    return func(self, *args, **kwargs)
           ^^^^^^^^^^^^^^^^^^^^^^^^^^^
  File "/home/airflow/.local/lib/python3.12/site-packages/airflow/operators/python.py", line 235, in execute
    return_value = self.execute_callable()
                   ^^^^^^^^^^^^^^^^^^^^^^^
  File "/home/airflow/.local/lib/python3.12/site-packages/airflow/operators/python.py", line 252, in execute_callable
    return self.python_callable(*self.op_args, **self.op_kwargs)
           ^^^^^^^^^^^^^^^^^^^^^^^^^^^^^^^^^^^^^^^^^^^^^^^^^^^^^
  File "/opt/airflow/dags/helper_functions.py", line 77, in alert_notif_failure
    print("Success condition is "+str(kwargs[success_condition])+"and type is",type(kwargs[success_condition]),", Skip condition is "+str(kwargs[skip_condition])+"and type is",type(kwargs[skip_condition]))
                                             ^^^^^^^^^^^^^^^^^
NameError: name 'success_condition' is not defined
[2024-06-19T05:18:00.114+0000] {taskinstance.py:1206} INFO - Marking task as UP_FOR_RETRY. dag_id=demo_dag_for_alerting_final, task_id=check_previous_run_status, run_id=manual__2024-06-19T05:17:57.386265+00:00, execution_date=20240619T051757, start_date=20240619T051759, end_date=20240619T051800
[2024-06-19T05:18:00.130+0000] {standard_task_runner.py:110} ERROR - Failed to execute job 1037 for task check_previous_run_status (name 'success_condition' is not defined; 1131)
[2024-06-19T05:18:00.157+0000] {local_task_job_runner.py:240} INFO - Task exited with return code 1
[2024-06-19T05:18:00.190+0000] {taskinstance.py:3498} INFO - 0 downstream tasks scheduled from follow-on schedule check
[2024-06-19T05:18:00.192+0000] {local_task_job_runner.py:222} INFO - ::endgroup::
